{"/home/ultras/Documents/backend-project-lvl3/src/index5.js": {"path":"/home/ultras/Documents/backend-project-lvl3/src/index5.js","statementMap":{"0":{"start":{"line":10,"column":22},"end":{"line":10,"column":42}},"1":{"start":{"line":11,"column":15},"end":{"line":14,"column":1}},"2":{"start":{"line":16,"column":20},"end":{"line":19,"column":4}},"3":{"start":{"line":17,"column":2},"end":{"line":19,"column":4}},"4":{"start":{"line":18,"column":4},"end":{"line":18,"column":33}},"5":{"start":{"line":21,"column":19},"end":{"line":27,"column":6}},"6":{"start":{"line":22,"column":2},"end":{"line":27,"column":6}},"7":{"start":{"line":24,"column":24},"end":{"line":24,"column":32}},"8":{"start":{"line":26,"column":6},"end":{"line":26,"column":53}},"9":{"start":{"line":29,"column":17},"end":{"line":42,"column":5}},"10":{"start":{"line":38,"column":2},"end":{"line":42,"column":5}},"11":{"start":{"line":41,"column":6},"end":{"line":41,"column":72}},"12":{"start":{"line":44,"column":25},"end":{"line":58,"column":5}},"13":{"start":{"line":45,"column":2},"end":{"line":58,"column":5}},"14":{"start":{"line":51,"column":6},"end":{"line":51,"column":57}},"15":{"start":{"line":55,"column":8},"end":{"line":55,"column":75}},"16":{"start":{"line":60,"column":19},"end":{"line":61,"column":70}},"17":{"start":{"line":61,"column":2},"end":{"line":61,"column":70}},"18":{"start":{"line":61,"column":36},"end":{"line":61,"column":69}},"19":{"start":{"line":63,"column":17},"end":{"line":76,"column":1}},"20":{"start":{"line":78,"column":19},"end":{"line":109,"column":1}},"21":{"start":{"line":79,"column":20},"end":{"line":79,"column":22}},"22":{"start":{"line":81,"column":18},"end":{"line":81,"column":36}},"23":{"start":{"line":82,"column":2},"end":{"line":107,"column":5}},"24":{"start":{"line":83,"column":4},"end":{"line":106,"column":5}},"25":{"start":{"line":84,"column":23},"end":{"line":84,"column":72}},"26":{"start":{"line":85,"column":6},"end":{"line":105,"column":7}},"27":{"start":{"line":86,"column":8},"end":{"line":104,"column":9}},"28":{"start":{"line":87,"column":27},"end":{"line":87,"column":63}},"29":{"start":{"line":88,"column":30},"end":{"line":88,"column":69}},"30":{"start":{"line":89,"column":10},"end":{"line":89,"column":48}},"31":{"start":{"line":90,"column":10},"end":{"line":94,"column":13}},"32":{"start":{"line":96,"column":27},"end":{"line":96,"column":63}},"33":{"start":{"line":97,"column":30},"end":{"line":97,"column":69}},"34":{"start":{"line":98,"column":10},"end":{"line":98,"column":48}},"35":{"start":{"line":99,"column":10},"end":{"line":103,"column":13}},"36":{"start":{"line":108,"column":2},"end":{"line":108,"column":26}},"37":{"start":{"line":111,"column":28},"end":{"line":122,"column":1}},"38":{"start":{"line":112,"column":10},"end":{"line":112,"column":40}},"39":{"start":{"line":114,"column":20},"end":{"line":119,"column":8}},"40":{"start":{"line":115,"column":19},"end":{"line":115,"column":75}},"41":{"start":{"line":116,"column":4},"end":{"line":116,"column":17}},"42":{"start":{"line":117,"column":4},"end":{"line":117,"column":40}},"43":{"start":{"line":118,"column":4},"end":{"line":118,"column":15}},"44":{"start":{"line":121,"column":2},"end":{"line":121,"column":26}},"45":{"start":{"line":125,"column":26},"end":{"line":137,"column":1}},"46":{"start":{"line":126,"column":27},"end":{"line":126,"column":31}},"47":{"start":{"line":127,"column":2},"end":{"line":135,"column":48}},"48":{"start":{"line":130,"column":23},"end":{"line":132,"column":7}},"49":{"start":{"line":131,"column":8},"end":{"line":131,"column":58}},"50":{"start":{"line":133,"column":6},"end":{"line":133,"column":49}},"51":{"start":{"line":133,"column":46},"end":{"line":133,"column":47}},"52":{"start":{"line":135,"column":20},"end":{"line":135,"column":46}},"53":{"start":{"line":139,"column":24},"end":{"line":150,"column":8}},"54":{"start":{"line":140,"column":2},"end":{"line":150,"column":8}},"55":{"start":{"line":141,"column":4},"end":{"line":148,"column":7}},"56":{"start":{"line":144,"column":8},"end":{"line":147,"column":9}},"57":{"start":{"line":145,"column":19},"end":{"line":145,"column":57}},"58":{"start":{"line":149,"column":4},"end":{"line":149,"column":15}},"59":{"start":{"line":152,"column":23},"end":{"line":157,"column":1}},"60":{"start":{"line":153,"column":16},"end":{"line":153,"column":53}},"61":{"start":{"line":155,"column":2},"end":{"line":155,"column":62}},"62":{"start":{"line":155,"column":36},"end":{"line":155,"column":60}},"63":{"start":{"line":159,"column":31},"end":{"line":166,"column":1}},"64":{"start":{"line":160,"column":27},"end":{"line":160,"column":31}},"65":{"start":{"line":162,"column":2},"end":{"line":165,"column":5}},"66":{"start":{"line":163,"column":17},"end":{"line":163,"column":43}},"67":{"start":{"line":164,"column":4},"end":{"line":164,"column":46}},"68":{"start":{"line":164,"column":43},"end":{"line":164,"column":44}},"69":{"start":{"line":169,"column":23},"end":{"line":169,"column":64}},"70":{"start":{"line":170,"column":23},"end":{"line":170,"column":60}},"71":{"start":{"line":171,"column":29},"end":{"line":171,"column":61}},"72":{"start":{"line":172,"column":29},"end":{"line":172,"column":72}},"73":{"start":{"line":174,"column":2},"end":{"line":181,"column":30}},"74":{"start":{"line":175,"column":16},"end":{"line":175,"column":35}},"75":{"start":{"line":177,"column":6},"end":{"line":177,"column":67}},"76":{"start":{"line":179,"column":20},"end":{"line":179,"column":68}},"77":{"start":{"line":180,"column":17},"end":{"line":180,"column":49}},"78":{"start":{"line":181,"column":16},"end":{"line":181,"column":28}}},"fnMap":{"0":{"name":"(anonymous_0)","decl":{"start":{"line":16,"column":20},"end":{"line":16,"column":21}},"loc":{"start":{"line":17,"column":2},"end":{"line":19,"column":4}},"line":17},"1":{"name":"(anonymous_1)","decl":{"start":{"line":17,"column":43},"end":{"line":17,"column":44}},"loc":{"start":{"line":17,"column":52},"end":{"line":19,"column":3}},"line":17},"2":{"name":"(anonymous_2)","decl":{"start":{"line":21,"column":19},"end":{"line":21,"column":20}},"loc":{"start":{"line":22,"column":2},"end":{"line":27,"column":6}},"line":22},"3":{"name":"(anonymous_3)","decl":{"start":{"line":24,"column":10},"end":{"line":24,"column":11}},"loc":{"start":{"line":24,"column":24},"end":{"line":24,"column":32}},"line":24},"4":{"name":"(anonymous_4)","decl":{"start":{"line":25,"column":11},"end":{"line":25,"column":12}},"loc":{"start":{"line":25,"column":20},"end":{"line":27,"column":5}},"line":25},"5":{"name":"(anonymous_5)","decl":{"start":{"line":29,"column":17},"end":{"line":29,"column":18}},"loc":{"start":{"line":38,"column":2},"end":{"line":42,"column":5}},"line":38},"6":{"name":"(anonymous_6)","decl":{"start":{"line":40,"column":10},"end":{"line":40,"column":11}},"loc":{"start":{"line":41,"column":6},"end":{"line":41,"column":72}},"line":41},"7":{"name":"(anonymous_7)","decl":{"start":{"line":44,"column":25},"end":{"line":44,"column":26}},"loc":{"start":{"line":45,"column":2},"end":{"line":58,"column":5}},"line":45},"8":{"name":"(anonymous_8)","decl":{"start":{"line":50,"column":10},"end":{"line":50,"column":11}},"loc":{"start":{"line":50,"column":24},"end":{"line":52,"column":5}},"line":50},"9":{"name":"(anonymous_9)","decl":{"start":{"line":54,"column":6},"end":{"line":54,"column":7}},"loc":{"start":{"line":54,"column":15},"end":{"line":56,"column":7}},"line":54},"10":{"name":"(anonymous_10)","decl":{"start":{"line":60,"column":19},"end":{"line":60,"column":20}},"loc":{"start":{"line":61,"column":2},"end":{"line":61,"column":70}},"line":61},"11":{"name":"(anonymous_11)","decl":{"start":{"line":61,"column":22},"end":{"line":61,"column":23}},"loc":{"start":{"line":61,"column":36},"end":{"line":61,"column":69}},"line":61},"12":{"name":"(anonymous_12)","decl":{"start":{"line":78,"column":19},"end":{"line":78,"column":20}},"loc":{"start":{"line":78,"column":60},"end":{"line":109,"column":1}},"line":78},"13":{"name":"(anonymous_13)","decl":{"start":{"line":82,"column":14},"end":{"line":82,"column":15}},"loc":{"start":{"line":82,"column":30},"end":{"line":107,"column":3}},"line":82},"14":{"name":"(anonymous_14)","decl":{"start":{"line":111,"column":28},"end":{"line":111,"column":29}},"loc":{"start":{"line":111,"column":74},"end":{"line":122,"column":1}},"line":111},"15":{"name":"(anonymous_15)","decl":{"start":{"line":114,"column":49},"end":{"line":114,"column":50}},"loc":{"start":{"line":114,"column":63},"end":{"line":119,"column":3}},"line":114},"16":{"name":"(anonymous_16)","decl":{"start":{"line":125,"column":26},"end":{"line":125,"column":27}},"loc":{"start":{"line":125,"column":56},"end":{"line":137,"column":1}},"line":125},"17":{"name":"(anonymous_17)","decl":{"start":{"line":129,"column":10},"end":{"line":129,"column":11}},"loc":{"start":{"line":129,"column":16},"end":{"line":134,"column":5}},"line":129},"18":{"name":"(anonymous_18)","decl":{"start":{"line":130,"column":37},"end":{"line":130,"column":38}},"loc":{"start":{"line":131,"column":8},"end":{"line":131,"column":58}},"line":131},"19":{"name":"(anonymous_19)","decl":{"start":{"line":133,"column":40},"end":{"line":133,"column":41}},"loc":{"start":{"line":133,"column":46},"end":{"line":133,"column":47}},"line":133},"20":{"name":"(anonymous_20)","decl":{"start":{"line":135,"column":11},"end":{"line":135,"column":12}},"loc":{"start":{"line":135,"column":20},"end":{"line":135,"column":46}},"line":135},"21":{"name":"(anonymous_21)","decl":{"start":{"line":139,"column":24},"end":{"line":139,"column":25}},"loc":{"start":{"line":140,"column":2},"end":{"line":150,"column":8}},"line":140},"22":{"name":"(anonymous_22)","decl":{"start":{"line":140,"column":13},"end":{"line":140,"column":14}},"loc":{"start":{"line":140,"column":28},"end":{"line":150,"column":3}},"line":140},"23":{"name":"(anonymous_23)","decl":{"start":{"line":143,"column":12},"end":{"line":143,"column":13}},"loc":{"start":{"line":144,"column":8},"end":{"line":147,"column":9}},"line":144},"24":{"name":"(anonymous_24)","decl":{"start":{"line":145,"column":10},"end":{"line":145,"column":11}},"loc":{"start":{"line":145,"column":19},"end":{"line":145,"column":57}},"line":145},"25":{"name":"(anonymous_25)","decl":{"start":{"line":152,"column":23},"end":{"line":152,"column":24}},"loc":{"start":{"line":152,"column":33},"end":{"line":157,"column":1}},"line":152},"26":{"name":"(anonymous_26)","decl":{"start":{"line":155,"column":27},"end":{"line":155,"column":28}},"loc":{"start":{"line":155,"column":36},"end":{"line":155,"column":60}},"line":155},"27":{"name":"(anonymous_27)","decl":{"start":{"line":159,"column":31},"end":{"line":159,"column":32}},"loc":{"start":{"line":159,"column":61},"end":{"line":166,"column":1}},"line":159},"28":{"name":"(anonymous_28)","decl":{"start":{"line":162,"column":65},"end":{"line":162,"column":66}},"loc":{"start":{"line":162,"column":71},"end":{"line":165,"column":3}},"line":162},"29":{"name":"(anonymous_29)","decl":{"start":{"line":164,"column":37},"end":{"line":164,"column":38}},"loc":{"start":{"line":164,"column":43},"end":{"line":164,"column":44}},"line":164},"30":{"name":"(anonymous_30)","decl":{"start":{"line":168,"column":15},"end":{"line":168,"column":16}},"loc":{"start":{"line":168,"column":58},"end":{"line":182,"column":1}},"line":168},"31":{"name":"(anonymous_31)","decl":{"start":{"line":175,"column":10},"end":{"line":175,"column":11}},"loc":{"start":{"line":175,"column":16},"end":{"line":175,"column":35}},"line":175},"32":{"name":"(anonymous_32)","decl":{"start":{"line":176,"column":10},"end":{"line":176,"column":11}},"loc":{"start":{"line":177,"column":6},"end":{"line":177,"column":67}},"line":177},"33":{"name":"(anonymous_33)","decl":{"start":{"line":179,"column":10},"end":{"line":179,"column":11}},"loc":{"start":{"line":179,"column":20},"end":{"line":179,"column":68}},"line":179},"34":{"name":"(anonymous_34)","decl":{"start":{"line":180,"column":10},"end":{"line":180,"column":11}},"loc":{"start":{"line":180,"column":17},"end":{"line":180,"column":49}},"line":180},"35":{"name":"(anonymous_35)","decl":{"start":{"line":181,"column":10},"end":{"line":181,"column":11}},"loc":{"start":{"line":181,"column":16},"end":{"line":181,"column":28}},"line":181}},"branchMap":{"0":{"loc":{"start":{"line":83,"column":4},"end":{"line":106,"column":5}},"type":"if","locations":[{"start":{"line":83,"column":4},"end":{"line":106,"column":5}},{"start":{},"end":{}}],"line":83},"1":{"loc":{"start":{"line":85,"column":6},"end":{"line":105,"column":7}},"type":"if","locations":[{"start":{"line":85,"column":6},"end":{"line":105,"column":7}},{"start":{},"end":{}}],"line":85},"2":{"loc":{"start":{"line":86,"column":8},"end":{"line":104,"column":9}},"type":"if","locations":[{"start":{"line":86,"column":8},"end":{"line":104,"column":9}},{"start":{"line":95,"column":15},"end":{"line":104,"column":9}}],"line":86},"3":{"loc":{"start":{"line":168,"column":25},"end":{"line":168,"column":53}},"type":"default-arg","locations":[{"start":{"line":168,"column":40},"end":{"line":168,"column":53}}],"line":168}},"s":{"0":2,"1":2,"2":2,"3":3,"4":0,"5":2,"6":1,"7":1,"8":0,"9":2,"10":1,"11":1,"12":2,"13":1,"14":1,"15":0,"16":2,"17":3,"18":3,"19":2,"20":2,"21":3,"22":3,"23":3,"24":6,"25":6,"26":6,"27":4,"28":3,"29":3,"30":3,"31":3,"32":1,"33":1,"34":1,"35":1,"36":3,"37":2,"38":1,"39":1,"40":3,"41":3,"42":3,"43":3,"44":1,"45":2,"46":0,"47":0,"48":0,"49":0,"50":0,"51":0,"52":0,"53":2,"54":1,"55":4,"56":4,"57":0,"58":4,"59":2,"60":1,"61":1,"62":0,"63":2,"64":1,"65":1,"66":1,"67":1,"68":1,"69":3,"70":3,"71":3,"72":3,"73":3,"74":1,"75":1,"76":1,"77":1,"78":1},"f":{"0":3,"1":0,"2":1,"3":1,"4":0,"5":1,"6":1,"7":1,"8":1,"9":0,"10":3,"11":3,"12":3,"13":6,"14":1,"15":3,"16":0,"17":0,"18":0,"19":0,"20":0,"21":1,"22":4,"23":4,"24":0,"25":1,"26":0,"27":1,"28":1,"29":1,"30":3,"31":1,"32":1,"33":1,"34":1,"35":1},"b":{"0":[6,0],"1":[4,2],"2":[3,1],"3":[0]},"_coverageSchema":"1a1c01bbd47fc00a2c39e90264f33305004495a9","hash":"6c2c5c2ea6e0432a066f7473ef393cf9652697a6"}
,"/home/ultras/Documents/backend-project-lvl3/src/urlConverter.js": {"path":"/home/ultras/Documents/backend-project-lvl3/src/urlConverter.js","statementMap":{"0":{"start":{"line":3,"column":24},"end":{"line":10,"column":1}},"1":{"start":{"line":4,"column":16},"end":{"line":4,"column":28}},"2":{"start":{"line":5,"column":19},"end":{"line":8,"column":32}},"3":{"start":{"line":9,"column":2},"end":{"line":9,"column":18}},"4":{"start":{"line":12,"column":24},"end":{"line":20,"column":1}},"5":{"start":{"line":13,"column":16},"end":{"line":13,"column":32}},"6":{"start":{"line":14,"column":19},"end":{"line":17,"column":32}},"7":{"start":{"line":18,"column":17},"end":{"line":18,"column":38}},"8":{"start":{"line":19,"column":2},"end":{"line":19,"column":32}},"9":{"start":{"line":22,"column":19},"end":{"line":22,"column":45}},"10":{"start":{"line":22,"column":28},"end":{"line":22,"column":45}},"11":{"start":{"line":24,"column":21},"end":{"line":29,"column":1}},"12":{"start":{"line":25,"column":21},"end":{"line":25,"column":51}},"13":{"start":{"line":26,"column":21},"end":{"line":26,"column":41}},"14":{"start":{"line":27,"column":23},"end":{"line":27,"column":54}},"15":{"start":{"line":28,"column":20},"end":{"line":28,"column":35}}},"fnMap":{"0":{"name":"(anonymous_0)","decl":{"start":{"line":3,"column":24},"end":{"line":3,"column":25}},"loc":{"start":{"line":3,"column":33},"end":{"line":10,"column":1}},"line":3},"1":{"name":"(anonymous_1)","decl":{"start":{"line":12,"column":24},"end":{"line":12,"column":25}},"loc":{"start":{"line":12,"column":37},"end":{"line":20,"column":1}},"line":12},"2":{"name":"(anonymous_2)","decl":{"start":{"line":22,"column":19},"end":{"line":22,"column":20}},"loc":{"start":{"line":22,"column":28},"end":{"line":22,"column":45}},"line":22},"3":{"name":"(anonymous_3)","decl":{"start":{"line":25,"column":12},"end":{"line":25,"column":13}},"loc":{"start":{"line":25,"column":21},"end":{"line":25,"column":51}},"line":25},"4":{"name":"(anonymous_4)","decl":{"start":{"line":26,"column":12},"end":{"line":26,"column":13}},"loc":{"start":{"line":26,"column":21},"end":{"line":26,"column":41}},"line":26},"5":{"name":"(anonymous_5)","decl":{"start":{"line":27,"column":14},"end":{"line":27,"column":15}},"loc":{"start":{"line":27,"column":23},"end":{"line":27,"column":54}},"line":27},"6":{"name":"(anonymous_6)","decl":{"start":{"line":28,"column":11},"end":{"line":28,"column":12}},"loc":{"start":{"line":28,"column":20},"end":{"line":28,"column":35}},"line":28}},"branchMap":{},"s":{"0":2,"1":7,"2":7,"3":7,"4":2,"5":3,"6":3,"7":3,"8":3,"9":2,"10":0,"11":2,"12":4,"13":3,"14":3,"15":0},"f":{"0":7,"1":3,"2":0,"3":4,"4":3,"5":3,"6":0},"b":{},"_coverageSchema":"1a1c01bbd47fc00a2c39e90264f33305004495a9","hash":"c52e6f30b2eafc6861498c6b5dd85ced507d64d6"}
,"/home/ultras/Documents/backend-project-lvl3/src/utils.js": {"path":"/home/ultras/Documents/backend-project-lvl3/src/utils.js","statementMap":{"0":{"start":{"line":4,"column":17},"end":{"line":12,"column":3}},"1":{"start":{"line":5,"column":2},"end":{"line":12,"column":3}},"2":{"start":{"line":9,"column":6},"end":{"line":9,"column":35}},"3":{"start":{"line":14,"column":21},"end":{"line":26,"column":4}},"4":{"start":{"line":15,"column":2},"end":{"line":26,"column":4}},"5":{"start":{"line":16,"column":4},"end":{"line":25,"column":7}},"6":{"start":{"line":17,"column":6},"end":{"line":19,"column":7}},"7":{"start":{"line":18,"column":8},"end":{"line":18,"column":29}},"8":{"start":{"line":20,"column":6},"end":{"line":23,"column":7}},"9":{"start":{"line":21,"column":8},"end":{"line":21,"column":55}},"10":{"start":{"line":22,"column":8},"end":{"line":22,"column":30}},"11":{"start":{"line":24,"column":6},"end":{"line":24,"column":33}},"12":{"start":{"line":28,"column":17},"end":{"line":32,"column":40}},"13":{"start":{"line":29,"column":2},"end":{"line":32,"column":40}},"14":{"start":{"line":32,"column":21},"end":{"line":32,"column":39}}},"fnMap":{"0":{"name":"(anonymous_0)","decl":{"start":{"line":4,"column":17},"end":{"line":4,"column":18}},"loc":{"start":{"line":5,"column":2},"end":{"line":12,"column":3}},"line":5},"1":{"name":"(anonymous_1)","decl":{"start":{"line":8,"column":4},"end":{"line":8,"column":5}},"loc":{"start":{"line":8,"column":13},"end":{"line":10,"column":5}},"line":8},"2":{"name":"(anonymous_2)","decl":{"start":{"line":14,"column":21},"end":{"line":14,"column":22}},"loc":{"start":{"line":15,"column":2},"end":{"line":26,"column":4}},"line":15},"3":{"name":"(anonymous_3)","decl":{"start":{"line":15,"column":14},"end":{"line":15,"column":15}},"loc":{"start":{"line":15,"column":35},"end":{"line":26,"column":3}},"line":15},"4":{"name":"(anonymous_4)","decl":{"start":{"line":16,"column":39},"end":{"line":16,"column":40}},"loc":{"start":{"line":16,"column":48},"end":{"line":25,"column":5}},"line":16},"5":{"name":"(anonymous_5)","decl":{"start":{"line":28,"column":17},"end":{"line":28,"column":18}},"loc":{"start":{"line":29,"column":2},"end":{"line":32,"column":40}},"line":29},"6":{"name":"(anonymous_6)","decl":{"start":{"line":32,"column":10},"end":{"line":32,"column":11}},"loc":{"start":{"line":32,"column":21},"end":{"line":32,"column":39}},"line":32}},"branchMap":{"0":{"loc":{"start":{"line":17,"column":6},"end":{"line":19,"column":7}},"type":"if","locations":[{"start":{"line":17,"column":6},"end":{"line":19,"column":7}},{"start":{},"end":{}}],"line":17},"1":{"loc":{"start":{"line":20,"column":6},"end":{"line":23,"column":7}},"type":"if","locations":[{"start":{"line":20,"column":6},"end":{"line":23,"column":7}},{"start":{},"end":{}}],"line":20}},"s":{"0":2,"1":3,"2":0,"3":2,"4":5,"5":5,"6":5,"7":5,"8":0,"9":0,"10":0,"11":0,"12":2,"13":0,"14":0},"f":{"0":3,"1":0,"2":5,"3":5,"4":5,"5":0,"6":0},"b":{"0":[5,0],"1":[0,0]},"_coverageSchema":"1a1c01bbd47fc00a2c39e90264f33305004495a9","hash":"34dd78461ab2d3200d9cbb0b5bc92841834d56c3"}
}
