{"/home/ultras/Documents/backend-project-lvl3/src/index5.js": {"path":"/home/ultras/Documents/backend-project-lvl3/src/index5.js","all":false,"statementMap":{"0":{"start":{"line":1,"column":0},"end":{"line":1,"column":30}},"1":{"start":{"line":2,"column":0},"end":{"line":2,"column":20}},"2":{"start":{"line":3,"column":0},"end":{"line":3,"column":24}},"3":{"start":{"line":4,"column":0},"end":{"line":4,"column":26}},"4":{"start":{"line":5,"column":0},"end":{"line":5,"column":30}},"5":{"start":{"line":6,"column":0},"end":{"line":6,"column":26}},"6":{"start":{"line":7,"column":0},"end":{"line":7,"column":45}},"7":{"start":{"line":8,"column":0},"end":{"line":8,"column":38}},"8":{"start":{"line":9,"column":0},"end":{"line":9,"column":0}},"9":{"start":{"line":10,"column":0},"end":{"line":10,"column":43}},"10":{"start":{"line":11,"column":0},"end":{"line":11,"column":16}},"11":{"start":{"line":12,"column":0},"end":{"line":12,"column":32}},"12":{"start":{"line":13,"column":0},"end":{"line":13,"column":46}},"13":{"start":{"line":14,"column":0},"end":{"line":14,"column":2}},"14":{"start":{"line":15,"column":0},"end":{"line":15,"column":0}},"15":{"start":{"line":16,"column":0},"end":{"line":16,"column":28}},"16":{"start":{"line":17,"column":0},"end":{"line":17,"column":53}},"17":{"start":{"line":18,"column":0},"end":{"line":18,"column":33}},"18":{"start":{"line":19,"column":0},"end":{"line":19,"column":5}},"19":{"start":{"line":20,"column":0},"end":{"line":20,"column":0}},"20":{"start":{"line":21,"column":0},"end":{"line":21,"column":27}},"21":{"start":{"line":22,"column":0},"end":{"line":22,"column":7}},"22":{"start":{"line":23,"column":0},"end":{"line":23,"column":13}},"23":{"start":{"line":24,"column":0},"end":{"line":24,"column":33}},"24":{"start":{"line":25,"column":0},"end":{"line":25,"column":21}},"25":{"start":{"line":26,"column":0},"end":{"line":26,"column":53}},"26":{"start":{"line":27,"column":0},"end":{"line":27,"column":7}},"27":{"start":{"line":28,"column":0},"end":{"line":28,"column":0}},"28":{"start":{"line":29,"column":0},"end":{"line":29,"column":36}},"29":{"start":{"line":30,"column":0},"end":{"line":30,"column":29}},"30":{"start":{"line":31,"column":0},"end":{"line":31,"column":5}},"31":{"start":{"line":32,"column":0},"end":{"line":32,"column":36}},"32":{"start":{"line":33,"column":0},"end":{"line":33,"column":48}},"33":{"start":{"line":34,"column":0},"end":{"line":34,"column":6}},"34":{"start":{"line":35,"column":0},"end":{"line":35,"column":5}},"35":{"start":{"line":36,"column":0},"end":{"line":36,"column":0}},"36":{"start":{"line":37,"column":0},"end":{"line":37,"column":59}},"37":{"start":{"line":38,"column":0},"end":{"line":38,"column":5}},"38":{"start":{"line":39,"column":0},"end":{"line":39,"column":30}},"39":{"start":{"line":40,"column":0},"end":{"line":40,"column":15}},"40":{"start":{"line":41,"column":0},"end":{"line":41,"column":72}},"41":{"start":{"line":42,"column":0},"end":{"line":42,"column":6}},"42":{"start":{"line":43,"column":0},"end":{"line":43,"column":0}},"43":{"start":{"line":44,"column":0},"end":{"line":44,"column":47}},"44":{"start":{"line":45,"column":0},"end":{"line":45,"column":9}},"45":{"start":{"line":46,"column":0},"end":{"line":46,"column":18}},"46":{"start":{"line":47,"column":0},"end":{"line":47,"column":17}},"47":{"start":{"line":48,"column":0},"end":{"line":48,"column":27}},"48":{"start":{"line":49,"column":0},"end":{"line":49,"column":4}},"49":{"start":{"line":50,"column":0},"end":{"line":50,"column":25}},"50":{"start":{"line":51,"column":0},"end":{"line":51,"column":57}},"51":{"start":{"line":52,"column":0},"end":{"line":52,"column":6}},"52":{"start":{"line":53,"column":0},"end":{"line":53,"column":11}},"53":{"start":{"line":54,"column":0},"end":{"line":54,"column":16}},"54":{"start":{"line":55,"column":0},"end":{"line":55,"column":75}},"55":{"start":{"line":56,"column":0},"end":{"line":56,"column":7}},"56":{"start":{"line":57,"column":0},"end":{"line":57,"column":73}},"57":{"start":{"line":58,"column":0},"end":{"line":58,"column":6}},"58":{"start":{"line":59,"column":0},"end":{"line":59,"column":0}},"59":{"start":{"line":60,"column":0},"end":{"line":60,"column":37}},"60":{"start":{"line":61,"column":0},"end":{"line":61,"column":71}},"61":{"start":{"line":62,"column":0},"end":{"line":62,"column":0}},"62":{"start":{"line":63,"column":0},"end":{"line":63,"column":18}},"63":{"start":{"line":64,"column":0},"end":{"line":64,"column":8}},"64":{"start":{"line":65,"column":0},"end":{"line":65,"column":16}},"65":{"start":{"line":66,"column":0},"end":{"line":66,"column":33}},"66":{"start":{"line":67,"column":0},"end":{"line":67,"column":4}},"67":{"start":{"line":68,"column":0},"end":{"line":68,"column":11}},"68":{"start":{"line":69,"column":0},"end":{"line":69,"column":16}},"69":{"start":{"line":70,"column":0},"end":{"line":70,"column":27}},"70":{"start":{"line":71,"column":0},"end":{"line":71,"column":4}},"71":{"start":{"line":72,"column":0},"end":{"line":72,"column":9}},"72":{"start":{"line":73,"column":0},"end":{"line":73,"column":17}},"73":{"start":{"line":74,"column":0},"end":{"line":74,"column":27}},"74":{"start":{"line":75,"column":0},"end":{"line":75,"column":4}},"75":{"start":{"line":76,"column":0},"end":{"line":76,"column":2}},"76":{"start":{"line":77,"column":0},"end":{"line":77,"column":0}},"77":{"start":{"line":78,"column":0},"end":{"line":78,"column":61}},"78":{"start":{"line":79,"column":0},"end":{"line":79,"column":23}},"79":{"start":{"line":80,"column":0},"end":{"line":80,"column":0}},"80":{"start":{"line":81,"column":0},"end":{"line":81,"column":37}},"81":{"start":{"line":82,"column":0},"end":{"line":82,"column":31}},"82":{"start":{"line":83,"column":0},"end":{"line":83,"column":35}},"83":{"start":{"line":84,"column":0},"end":{"line":84,"column":73}},"84":{"start":{"line":85,"column":0},"end":{"line":85,"column":43}},"85":{"start":{"line":86,"column":0},"end":{"line":86,"column":55}},"86":{"start":{"line":87,"column":0},"end":{"line":87,"column":64}},"87":{"start":{"line":88,"column":0},"end":{"line":88,"column":70}},"88":{"start":{"line":89,"column":0},"end":{"line":89,"column":48}},"89":{"start":{"line":90,"column":0},"end":{"line":90,"column":26}},"90":{"start":{"line":91,"column":0},"end":{"line":91,"column":35}},"91":{"start":{"line":92,"column":0},"end":{"line":92,"column":43}},"92":{"start":{"line":93,"column":0},"end":{"line":93,"column":34}},"93":{"start":{"line":94,"column":0},"end":{"line":94,"column":13}},"94":{"start":{"line":95,"column":0},"end":{"line":95,"column":16}},"95":{"start":{"line":96,"column":0},"end":{"line":96,"column":64}},"96":{"start":{"line":97,"column":0},"end":{"line":97,"column":70}},"97":{"start":{"line":98,"column":0},"end":{"line":98,"column":48}},"98":{"start":{"line":99,"column":0},"end":{"line":99,"column":26}},"99":{"start":{"line":100,"column":0},"end":{"line":100,"column":35}},"100":{"start":{"line":101,"column":0},"end":{"line":101,"column":43}},"101":{"start":{"line":102,"column":0},"end":{"line":102,"column":34}},"102":{"start":{"line":103,"column":0},"end":{"line":103,"column":13}},"103":{"start":{"line":104,"column":0},"end":{"line":104,"column":9}},"104":{"start":{"line":105,"column":0},"end":{"line":105,"column":7}},"105":{"start":{"line":106,"column":0},"end":{"line":106,"column":5}},"106":{"start":{"line":107,"column":0},"end":{"line":107,"column":5}},"107":{"start":{"line":108,"column":0},"end":{"line":108,"column":26}},"108":{"start":{"line":109,"column":0},"end":{"line":109,"column":2}},"109":{"start":{"line":110,"column":0},"end":{"line":110,"column":0}},"110":{"start":{"line":111,"column":0},"end":{"line":111,"column":75}},"111":{"start":{"line":112,"column":0},"end":{"line":112,"column":41}},"112":{"start":{"line":113,"column":0},"end":{"line":113,"column":0}},"113":{"start":{"line":114,"column":0},"end":{"line":114,"column":64}},"114":{"start":{"line":115,"column":0},"end":{"line":115,"column":76}},"115":{"start":{"line":116,"column":0},"end":{"line":116,"column":17}},"116":{"start":{"line":117,"column":0},"end":{"line":117,"column":40}},"117":{"start":{"line":118,"column":0},"end":{"line":118,"column":15}},"118":{"start":{"line":119,"column":0},"end":{"line":119,"column":9}},"119":{"start":{"line":120,"column":0},"end":{"line":120,"column":0}},"120":{"start":{"line":121,"column":0},"end":{"line":121,"column":26}},"121":{"start":{"line":122,"column":0},"end":{"line":122,"column":2}},"122":{"start":{"line":123,"column":0},"end":{"line":123,"column":0}},"123":{"start":{"line":124,"column":0},"end":{"line":124,"column":42}},"124":{"start":{"line":125,"column":0},"end":{"line":125,"column":57}},"125":{"start":{"line":126,"column":0},"end":{"line":126,"column":32}},"126":{"start":{"line":127,"column":0},"end":{"line":127,"column":12}},"127":{"start":{"line":128,"column":0},"end":{"line":128,"column":51}},"128":{"start":{"line":129,"column":0},"end":{"line":129,"column":17}},"129":{"start":{"line":130,"column":0},"end":{"line":130,"column":50}},"130":{"start":{"line":131,"column":0},"end":{"line":131,"column":58}},"131":{"start":{"line":132,"column":0},"end":{"line":132,"column":8}},"132":{"start":{"line":133,"column":0},"end":{"line":133,"column":49}},"133":{"start":{"line":134,"column":0},"end":{"line":134,"column":6}},"134":{"start":{"line":135,"column":0},"end":{"line":135,"column":48}},"135":{"start":{"line":136,"column":0},"end":{"line":136,"column":20}},"136":{"start":{"line":137,"column":0},"end":{"line":137,"column":2}},"137":{"start":{"line":138,"column":0},"end":{"line":138,"column":0}},"138":{"start":{"line":139,"column":0},"end":{"line":139,"column":32}},"139":{"start":{"line":140,"column":0},"end":{"line":140,"column":29}},"140":{"start":{"line":141,"column":0},"end":{"line":141,"column":14}},"141":{"start":{"line":142,"column":0},"end":{"line":142,"column":31}},"142":{"start":{"line":143,"column":0},"end":{"line":143,"column":17}},"143":{"start":{"line":144,"column":0},"end":{"line":144,"column":53}},"144":{"start":{"line":145,"column":0},"end":{"line":145,"column":57}},"145":{"start":{"line":146,"column":0},"end":{"line":146,"column":42}},"146":{"start":{"line":147,"column":0},"end":{"line":147,"column":10}},"147":{"start":{"line":148,"column":0},"end":{"line":148,"column":7}},"148":{"start":{"line":149,"column":0},"end":{"line":149,"column":15}},"149":{"start":{"line":150,"column":0},"end":{"line":150,"column":9}},"150":{"start":{"line":151,"column":0},"end":{"line":151,"column":0}},"151":{"start":{"line":152,"column":0},"end":{"line":152,"column":34}},"152":{"start":{"line":153,"column":0},"end":{"line":153,"column":54}},"153":{"start":{"line":154,"column":0},"end":{"line":154,"column":0}},"154":{"start":{"line":155,"column":0},"end":{"line":155,"column":62}},"155":{"start":{"line":156,"column":0},"end":{"line":156,"column":58}},"156":{"start":{"line":157,"column":0},"end":{"line":157,"column":2}},"157":{"start":{"line":158,"column":0},"end":{"line":158,"column":0}},"158":{"start":{"line":159,"column":0},"end":{"line":159,"column":62}},"159":{"start":{"line":160,"column":0},"end":{"line":160,"column":32}},"160":{"start":{"line":161,"column":0},"end":{"line":161,"column":0}},"161":{"start":{"line":162,"column":0},"end":{"line":162,"column":72}},"162":{"start":{"line":163,"column":0},"end":{"line":163,"column":44}},"163":{"start":{"line":164,"column":0},"end":{"line":164,"column":46}},"164":{"start":{"line":165,"column":0},"end":{"line":165,"column":5}},"165":{"start":{"line":166,"column":0},"end":{"line":166,"column":2}},"166":{"start":{"line":167,"column":0},"end":{"line":167,"column":0}},"167":{"start":{"line":168,"column":0},"end":{"line":168,"column":59}},"168":{"start":{"line":169,"column":0},"end":{"line":169,"column":65}},"169":{"start":{"line":170,"column":0},"end":{"line":170,"column":61}},"170":{"start":{"line":171,"column":0},"end":{"line":171,"column":62}},"171":{"start":{"line":172,"column":0},"end":{"line":172,"column":73}},"172":{"start":{"line":173,"column":0},"end":{"line":173,"column":0}},"173":{"start":{"line":174,"column":0},"end":{"line":174,"column":34}},"174":{"start":{"line":175,"column":0},"end":{"line":175,"column":36}},"175":{"start":{"line":176,"column":0},"end":{"line":176,"column":26}},"176":{"start":{"line":177,"column":0},"end":{"line":177,"column":67}},"177":{"start":{"line":178,"column":0},"end":{"line":178,"column":5}},"178":{"start":{"line":179,"column":0},"end":{"line":179,"column":69}},"179":{"start":{"line":180,"column":0},"end":{"line":180,"column":50}},"180":{"start":{"line":181,"column":0},"end":{"line":181,"column":30}},"181":{"start":{"line":182,"column":0},"end":{"line":182,"column":2}}},"s":{"0":1,"1":1,"2":1,"3":1,"4":1,"5":1,"6":1,"7":1,"8":1,"9":1,"10":1,"11":1,"12":1,"13":1,"14":1,"15":1,"16":3,"17":0,"18":0,"19":1,"20":1,"21":1,"22":1,"23":1,"24":1,"25":0,"26":0,"27":1,"28":1,"29":1,"30":1,"31":1,"32":1,"33":1,"34":1,"35":1,"36":1,"37":1,"38":1,"39":1,"40":1,"41":1,"42":1,"43":1,"44":1,"45":1,"46":1,"47":1,"48":1,"49":1,"50":1,"51":1,"52":1,"53":1,"54":0,"55":0,"56":1,"57":1,"58":1,"59":1,"60":1,"61":1,"62":1,"63":1,"64":1,"65":1,"66":1,"67":1,"68":1,"69":1,"70":1,"71":1,"72":1,"73":1,"74":1,"75":1,"76":1,"77":1,"78":3,"79":3,"80":3,"81":3,"82":6,"83":6,"84":6,"85":4,"86":3,"87":3,"88":3,"89":3,"90":3,"91":3,"92":3,"93":3,"94":4,"95":1,"96":1,"97":1,"98":1,"99":1,"100":1,"101":1,"102":1,"103":1,"104":4,"105":6,"106":6,"107":3,"108":3,"109":1,"110":1,"111":1,"112":1,"113":1,"114":3,"115":3,"116":3,"117":3,"118":1,"119":1,"120":1,"121":1,"122":1,"123":1,"124":1,"125":0,"126":0,"127":0,"128":0,"129":0,"130":0,"131":0,"132":0,"133":0,"134":0,"135":0,"136":0,"137":1,"138":1,"139":1,"140":4,"141":4,"142":4,"143":4,"144":4,"145":4,"146":4,"147":4,"148":4,"149":1,"150":1,"151":1,"152":1,"153":1,"154":1,"155":1,"156":1,"157":1,"158":1,"159":1,"160":1,"161":1,"162":1,"163":1,"164":1,"165":1,"166":1,"167":1,"168":3,"169":3,"170":3,"171":3,"172":3,"173":3,"174":3,"175":3,"176":3,"177":3,"178":3,"179":3,"180":3,"181":3},"branchMap":{"0":{"type":"branch","line":16,"loc":{"start":{"line":16,"column":21},"end":{"line":19,"column":5}},"locations":[{"start":{"line":16,"column":21},"end":{"line":19,"column":5}}]},"1":{"type":"branch","line":21,"loc":{"start":{"line":21,"column":20},"end":{"line":27,"column":7}},"locations":[{"start":{"line":21,"column":20},"end":{"line":27,"column":7}}]},"2":{"type":"branch","line":24,"loc":{"start":{"line":24,"column":11},"end":{"line":24,"column":33}},"locations":[{"start":{"line":24,"column":11},"end":{"line":24,"column":33}}]},"3":{"type":"branch","line":29,"loc":{"start":{"line":29,"column":17},"end":{"line":38,"column":5}},"locations":[{"start":{"line":29,"column":17},"end":{"line":38,"column":5}}]},"4":{"type":"branch","line":40,"loc":{"start":{"line":40,"column":10},"end":{"line":41,"column":13}},"locations":[{"start":{"line":40,"column":10},"end":{"line":41,"column":13}}]},"5":{"type":"branch","line":44,"loc":{"start":{"line":44,"column":25},"end":{"line":45,"column":7}},"locations":[{"start":{"line":44,"column":25},"end":{"line":45,"column":7}}]},"6":{"type":"branch","line":50,"loc":{"start":{"line":50,"column":11},"end":{"line":52,"column":6}},"locations":[{"start":{"line":50,"column":11},"end":{"line":52,"column":6}}]},"7":{"type":"branch","line":60,"loc":{"start":{"line":60,"column":19},"end":{"line":61,"column":7}},"locations":[{"start":{"line":60,"column":19},"end":{"line":61,"column":7}}]},"8":{"type":"branch","line":61,"loc":{"start":{"line":61,"column":23},"end":{"line":61,"column":45}},"locations":[{"start":{"line":61,"column":23},"end":{"line":61,"column":45}}]},"9":{"type":"branch","line":78,"loc":{"start":{"line":78,"column":19},"end":{"line":109,"column":2}},"locations":[{"start":{"line":78,"column":19},"end":{"line":109,"column":2}}]},"10":{"type":"branch","line":82,"loc":{"start":{"line":82,"column":14},"end":{"line":107,"column":5}},"locations":[{"start":{"line":82,"column":14},"end":{"line":107,"column":5}}]},"11":{"type":"branch","line":85,"loc":{"start":{"line":85,"column":42},"end":{"line":105,"column":7}},"locations":[{"start":{"line":85,"column":42},"end":{"line":105,"column":7}}]},"12":{"type":"branch","line":86,"loc":{"start":{"line":86,"column":54},"end":{"line":95,"column":15}},"locations":[{"start":{"line":86,"column":54},"end":{"line":95,"column":15}}]},"13":{"type":"branch","line":95,"loc":{"start":{"line":95,"column":9},"end":{"line":104,"column":9}},"locations":[{"start":{"line":95,"column":9},"end":{"line":104,"column":9}}]},"14":{"type":"branch","line":111,"loc":{"start":{"line":111,"column":28},"end":{"line":122,"column":2}},"locations":[{"start":{"line":111,"column":28},"end":{"line":122,"column":2}}]},"15":{"type":"branch","line":114,"loc":{"start":{"line":114,"column":49},"end":{"line":119,"column":5}},"locations":[{"start":{"line":114,"column":49},"end":{"line":119,"column":5}}]},"16":{"type":"branch","line":139,"loc":{"start":{"line":139,"column":25},"end":{"line":150,"column":5}},"locations":[{"start":{"line":139,"column":25},"end":{"line":150,"column":5}}]},"17":{"type":"branch","line":140,"loc":{"start":{"line":140,"column":13},"end":{"line":150,"column":5}},"locations":[{"start":{"line":140,"column":13},"end":{"line":150,"column":5}}]},"18":{"type":"branch","line":143,"loc":{"start":{"line":143,"column":12},"end":{"line":144,"column":12}},"locations":[{"start":{"line":143,"column":12},"end":{"line":144,"column":12}}]},"19":{"type":"branch","line":152,"loc":{"start":{"line":152,"column":24},"end":{"line":157,"column":2}},"locations":[{"start":{"line":152,"column":24},"end":{"line":157,"column":2}}]},"20":{"type":"branch","line":159,"loc":{"start":{"line":159,"column":31},"end":{"line":166,"column":2}},"locations":[{"start":{"line":159,"column":31},"end":{"line":166,"column":2}}]},"21":{"type":"branch","line":162,"loc":{"start":{"line":162,"column":65},"end":{"line":165,"column":5}},"locations":[{"start":{"line":162,"column":65},"end":{"line":165,"column":5}}]},"22":{"type":"branch","line":164,"loc":{"start":{"line":164,"column":37},"end":{"line":164,"column":46}},"locations":[{"start":{"line":164,"column":37},"end":{"line":164,"column":46}}]},"23":{"type":"branch","line":168,"loc":{"start":{"line":168,"column":15},"end":{"line":182,"column":2}},"locations":[{"start":{"line":168,"column":15},"end":{"line":182,"column":2}}]},"24":{"type":"branch","line":175,"loc":{"start":{"line":175,"column":10},"end":{"line":175,"column":27}},"locations":[{"start":{"line":175,"column":10},"end":{"line":175,"column":27}}]},"25":{"type":"branch","line":176,"loc":{"start":{"line":176,"column":11},"end":{"line":177,"column":26}},"locations":[{"start":{"line":176,"column":11},"end":{"line":177,"column":26}}]},"26":{"type":"branch","line":179,"loc":{"start":{"line":179,"column":11},"end":{"line":179,"column":43}},"locations":[{"start":{"line":179,"column":11},"end":{"line":179,"column":43}}]},"27":{"type":"branch","line":180,"loc":{"start":{"line":180,"column":11},"end":{"line":180,"column":26}},"locations":[{"start":{"line":180,"column":11},"end":{"line":180,"column":26}}]},"28":{"type":"branch","line":181,"loc":{"start":{"line":181,"column":10},"end":{"line":181,"column":30}},"locations":[{"start":{"line":181,"column":10},"end":{"line":181,"column":30}}]}},"b":{"0":[3],"1":[1],"2":[1],"3":[1],"4":[1],"5":[1],"6":[1],"7":[3],"8":[3],"9":[3],"10":[6],"11":[4],"12":[3],"13":[1],"14":[1],"15":[3],"16":[1],"17":[4],"18":[4],"19":[1],"20":[1],"21":[1],"22":[1],"23":[3],"24":[1],"25":[1],"26":[1],"27":[1],"28":[1]},"fnMap":{"0":{"name":"checkAccess","decl":{"start":{"line":16,"column":21},"end":{"line":19,"column":5}},"loc":{"start":{"line":16,"column":21},"end":{"line":19,"column":5}},"line":16},"1":{"name":"pageLoader","decl":{"start":{"line":21,"column":20},"end":{"line":27,"column":7}},"loc":{"start":{"line":21,"column":20},"end":{"line":27,"column":7}},"line":21},"2":{"name":"savePage","decl":{"start":{"line":29,"column":17},"end":{"line":38,"column":5}},"loc":{"start":{"line":29,"column":17},"end":{"line":38,"column":5}},"line":29},"3":{"name":"binaryFileLoader","decl":{"start":{"line":44,"column":25},"end":{"line":45,"column":7}},"loc":{"start":{"line":44,"column":25},"end":{"line":45,"column":7}},"line":44},"4":{"name":"fileLoader","decl":{"start":{"line":60,"column":19},"end":{"line":61,"column":7}},"loc":{"start":{"line":60,"column":19},"end":{"line":61,"column":7}},"line":60},"5":{"name":"tagHandler","decl":{"start":{"line":78,"column":19},"end":{"line":109,"column":2}},"loc":{"start":{"line":78,"column":19},"end":{"line":109,"column":2}},"line":78},"6":{"name":"searchPageResources","decl":{"start":{"line":111,"column":28},"end":{"line":122,"column":2}},"loc":{"start":{"line":111,"column":28},"end":{"line":122,"column":2}},"line":111},"7":{"name":"downLoadResources","decl":{"start":{"line":125,"column":26},"end":{"line":137,"column":2}},"loc":{"start":{"line":125,"column":26},"end":{"line":137,"column":2}},"line":125},"8":{"name":"buildListrTasks","decl":{"start":{"line":139,"column":25},"end":{"line":150,"column":5}},"loc":{"start":{"line":139,"column":25},"end":{"line":150,"column":5}},"line":139},"9":{"name":"task","decl":{"start":{"line":143,"column":12},"end":{"line":144,"column":12}},"loc":{"start":{"line":143,"column":12},"end":{"line":144,"column":12}},"line":143},"10":{"name":"progressHandle","decl":{"start":{"line":152,"column":24},"end":{"line":157,"column":2}},"loc":{"start":{"line":152,"column":24},"end":{"line":157,"column":2}},"line":152},"11":{"name":"downLoadResourcesListr","decl":{"start":{"line":159,"column":31},"end":{"line":166,"column":2}},"loc":{"start":{"line":159,"column":31},"end":{"line":166,"column":2}},"line":159},"12":{"name":"default","decl":{"start":{"line":168,"column":15},"end":{"line":182,"column":2}},"loc":{"start":{"line":168,"column":15},"end":{"line":182,"column":2}},"line":168}},"f":{"0":3,"1":1,"2":1,"3":1,"4":3,"5":3,"6":1,"7":0,"8":1,"9":4,"10":1,"11":1,"12":3}}
,"/home/ultras/Documents/backend-project-lvl3/src/urlConverter.js": {"path":"/home/ultras/Documents/backend-project-lvl3/src/urlConverter.js","all":false,"statementMap":{"0":{"start":{"line":1,"column":0},"end":{"line":1,"column":24}},"1":{"start":{"line":2,"column":0},"end":{"line":2,"column":0}},"2":{"start":{"line":3,"column":0},"end":{"line":3,"column":34}},"3":{"start":{"line":4,"column":0},"end":{"line":4,"column":29}},"4":{"start":{"line":5,"column":0},"end":{"line":5,"column":22}},"5":{"start":{"line":6,"column":0},"end":{"line":6,"column":39}},"6":{"start":{"line":7,"column":0},"end":{"line":7,"column":23}},"7":{"start":{"line":8,"column":0},"end":{"line":8,"column":33}},"8":{"start":{"line":9,"column":0},"end":{"line":9,"column":18}},"9":{"start":{"line":10,"column":0},"end":{"line":10,"column":2}},"10":{"start":{"line":11,"column":0},"end":{"line":11,"column":0}},"11":{"start":{"line":12,"column":0},"end":{"line":12,"column":38}},"12":{"start":{"line":13,"column":0},"end":{"line":13,"column":33}},"13":{"start":{"line":14,"column":0},"end":{"line":14,"column":26}},"14":{"start":{"line":15,"column":0},"end":{"line":15,"column":39}},"15":{"start":{"line":16,"column":0},"end":{"line":16,"column":26}},"16":{"start":{"line":17,"column":0},"end":{"line":17,"column":33}},"17":{"start":{"line":18,"column":0},"end":{"line":18,"column":39}},"18":{"start":{"line":19,"column":0},"end":{"line":19,"column":32}},"19":{"start":{"line":20,"column":0},"end":{"line":20,"column":2}},"20":{"start":{"line":21,"column":0},"end":{"line":21,"column":0}},"21":{"start":{"line":22,"column":0},"end":{"line":22,"column":46}},"22":{"start":{"line":23,"column":0},"end":{"line":23,"column":0}},"23":{"start":{"line":24,"column":0},"end":{"line":24,"column":22}},"24":{"start":{"line":25,"column":0},"end":{"line":25,"column":52}},"25":{"start":{"line":26,"column":0},"end":{"line":26,"column":42}},"26":{"start":{"line":27,"column":0},"end":{"line":27,"column":55}},"27":{"start":{"line":28,"column":0},"end":{"line":28,"column":36}},"28":{"start":{"line":29,"column":0},"end":{"line":29,"column":2}},"29":{"start":{"line":30,"column":0},"end":{"line":30,"column":0}},"30":{"start":{"line":31,"column":0},"end":{"line":31,"column":28}}},"s":{"0":1,"1":1,"2":1,"3":7,"4":7,"5":7,"6":7,"7":7,"8":7,"9":7,"10":1,"11":1,"12":3,"13":3,"14":3,"15":3,"16":3,"17":3,"18":3,"19":3,"20":1,"21":1,"22":1,"23":1,"24":1,"25":1,"26":1,"27":1,"28":1,"29":1,"30":1},"branchMap":{"0":{"type":"branch","line":3,"loc":{"start":{"line":3,"column":25},"end":{"line":10,"column":2}},"locations":[{"start":{"line":3,"column":25},"end":{"line":10,"column":2}}]},"1":{"type":"branch","line":12,"loc":{"start":{"line":12,"column":25},"end":{"line":20,"column":2}},"locations":[{"start":{"line":12,"column":25},"end":{"line":20,"column":2}}]},"2":{"type":"branch","line":25,"loc":{"start":{"line":25,"column":13},"end":{"line":25,"column":52}},"locations":[{"start":{"line":25,"column":13},"end":{"line":25,"column":52}}]},"3":{"type":"branch","line":26,"loc":{"start":{"line":26,"column":13},"end":{"line":26,"column":37}},"locations":[{"start":{"line":26,"column":13},"end":{"line":26,"column":37}}]},"4":{"type":"branch","line":27,"loc":{"start":{"line":27,"column":15},"end":{"line":27,"column":55}},"locations":[{"start":{"line":27,"column":15},"end":{"line":27,"column":55}}]}},"b":{"0":[7],"1":[3],"2":[4],"3":[3],"4":[3]},"fnMap":{"0":{"name":"pageNameBuilder","decl":{"start":{"line":3,"column":25},"end":{"line":10,"column":2}},"loc":{"start":{"line":3,"column":25},"end":{"line":10,"column":2}},"line":3},"1":{"name":"fileNameBuilder","decl":{"start":{"line":12,"column":25},"end":{"line":20,"column":2}},"loc":{"start":{"line":12,"column":25},"end":{"line":20,"column":2}},"line":12},"2":{"name":"getUrlHost","decl":{"start":{"line":22,"column":20},"end":{"line":22,"column":46}},"loc":{"start":{"line":22,"column":20},"end":{"line":22,"column":46}},"line":22},"3":{"name":"pageName","decl":{"start":{"line":25,"column":13},"end":{"line":25,"column":52}},"loc":{"start":{"line":25,"column":13},"end":{"line":25,"column":52}},"line":25},"4":{"name":"fileName","decl":{"start":{"line":26,"column":13},"end":{"line":26,"column":37}},"loc":{"start":{"line":26,"column":13},"end":{"line":26,"column":37}},"line":26},"5":{"name":"folderName","decl":{"start":{"line":27,"column":15},"end":{"line":27,"column":55}},"loc":{"start":{"line":27,"column":15},"end":{"line":27,"column":55}},"line":27},"6":{"name":"getHost","decl":{"start":{"line":28,"column":12},"end":{"line":28,"column":31}},"loc":{"start":{"line":28,"column":12},"end":{"line":28,"column":31}},"line":28}},"f":{"0":7,"1":3,"2":0,"3":4,"4":3,"5":3,"6":0}}
,"/home/ultras/Documents/backend-project-lvl3/src/utils.js": {"path":"/home/ultras/Documents/backend-project-lvl3/src/utils.js","all":false,"statementMap":{"0":{"start":{"line":1,"column":0},"end":{"line":1,"column":30}},"1":{"start":{"line":2,"column":0},"end":{"line":2,"column":20}},"2":{"start":{"line":3,"column":0},"end":{"line":3,"column":0}},"3":{"start":{"line":4,"column":0},"end":{"line":4,"column":36}},"4":{"start":{"line":5,"column":0},"end":{"line":5,"column":16}},"5":{"start":{"line":6,"column":0},"end":{"line":6,"column":13}},"6":{"start":{"line":7,"column":0},"end":{"line":7,"column":9}},"7":{"start":{"line":8,"column":0},"end":{"line":8,"column":14}},"8":{"start":{"line":9,"column":0},"end":{"line":9,"column":35}},"9":{"start":{"line":10,"column":0},"end":{"line":10,"column":5}},"10":{"start":{"line":11,"column":0},"end":{"line":11,"column":35}},"11":{"start":{"line":12,"column":0},"end":{"line":12,"column":4}},"12":{"start":{"line":13,"column":0},"end":{"line":13,"column":0}},"13":{"start":{"line":14,"column":0},"end":{"line":14,"column":30}},"14":{"start":{"line":15,"column":0},"end":{"line":15,"column":36}},"15":{"start":{"line":16,"column":0},"end":{"line":16,"column":49}},"16":{"start":{"line":17,"column":0},"end":{"line":17,"column":17}},"17":{"start":{"line":18,"column":0},"end":{"line":18,"column":29}},"18":{"start":{"line":19,"column":0},"end":{"line":19,"column":7}},"19":{"start":{"line":20,"column":0},"end":{"line":20,"column":34}},"20":{"start":{"line":21,"column":0},"end":{"line":21,"column":55}},"21":{"start":{"line":22,"column":0},"end":{"line":22,"column":30}},"22":{"start":{"line":23,"column":0},"end":{"line":23,"column":7}},"23":{"start":{"line":24,"column":0},"end":{"line":24,"column":33}},"24":{"start":{"line":25,"column":0},"end":{"line":25,"column":7}},"25":{"start":{"line":26,"column":0},"end":{"line":26,"column":5}},"26":{"start":{"line":27,"column":0},"end":{"line":27,"column":0}},"27":{"start":{"line":28,"column":0},"end":{"line":28,"column":32}},"28":{"start":{"line":29,"column":0},"end":{"line":29,"column":5}},"29":{"start":{"line":30,"column":0},"end":{"line":30,"column":18}},"30":{"start":{"line":31,"column":0},"end":{"line":31,"column":81}},"31":{"start":{"line":32,"column":0},"end":{"line":32,"column":41}},"32":{"start":{"line":33,"column":0},"end":{"line":33,"column":0}},"33":{"start":{"line":34,"column":0},"end":{"line":34,"column":44}}},"s":{"0":1,"1":1,"2":1,"3":1,"4":1,"5":1,"6":1,"7":1,"8":0,"9":0,"10":1,"11":1,"12":1,"13":1,"14":5,"15":5,"16":5,"17":5,"18":5,"19":0,"20":0,"21":0,"22":0,"23":0,"24":0,"25":5,"26":1,"27":1,"28":0,"29":1,"30":1,"31":1,"32":1,"33":1},"branchMap":{"0":{"type":"branch","line":4,"loc":{"start":{"line":4,"column":17},"end":{"line":5,"column":5}},"locations":[{"start":{"line":4,"column":17},"end":{"line":5,"column":5}}]},"1":{"type":"branch","line":14,"loc":{"start":{"line":14,"column":22},"end":{"line":26,"column":5}},"locations":[{"start":{"line":14,"column":22},"end":{"line":26,"column":5}}]},"2":{"type":"branch","line":15,"loc":{"start":{"line":15,"column":14},"end":{"line":26,"column":5}},"locations":[{"start":{"line":15,"column":14},"end":{"line":26,"column":5}}]},"3":{"type":"branch","line":16,"loc":{"start":{"line":16,"column":40},"end":{"line":25,"column":7}},"locations":[{"start":{"line":16,"column":40},"end":{"line":25,"column":7}}]},"4":{"type":"branch","line":20,"loc":{"start":{"line":20,"column":-1},"end":{"line":25,"column":7}},"locations":[{"start":{"line":20,"column":-1},"end":{"line":25,"column":7}}]}},"b":{"0":[3],"1":[5],"2":[5],"3":[5],"4":[0]},"fnMap":{"0":{"name":"saveData","decl":{"start":{"line":4,"column":17},"end":{"line":5,"column":5}},"loc":{"start":{"line":4,"column":17},"end":{"line":5,"column":5}},"line":4},"1":{"name":"fileIsExists","decl":{"start":{"line":14,"column":22},"end":{"line":26,"column":5}},"loc":{"start":{"line":14,"column":22},"end":{"line":26,"column":5}},"line":14},"2":{"name":"seeFiles","decl":{"start":{"line":28,"column":17},"end":{"line":29,"column":5}},"loc":{"start":{"line":28,"column":17},"end":{"line":29,"column":5}},"line":28}},"f":{"0":3,"1":5,"2":0}}
}
