TN:
SF:src/index5.js
FN:16,checkAccess
FN:21,pageLoader
FN:29,savePage
FN:44,binaryFileLoader
FN:60,fileLoader
FN:78,tagHandler
FN:111,searchPageResources
FN:125,downLoadResources
FN:139,buildListrTasks
FN:143,task
FN:152,progressHandle
FN:159,downLoadResourcesListr
FN:168,default
FNF:13
FNH:12
FNDA:3,checkAccess
FNDA:1,pageLoader
FNDA:1,savePage
FNDA:1,binaryFileLoader
FNDA:3,fileLoader
FNDA:3,tagHandler
FNDA:1,searchPageResources
FNDA:0,downLoadResources
FNDA:1,buildListrTasks
FNDA:4,task
FNDA:1,progressHandle
FNDA:1,downLoadResourcesListr
FNDA:3,default
DA:1,1
DA:2,1
DA:3,1
DA:4,1
DA:5,1
DA:6,1
DA:7,1
DA:8,1
DA:9,1
DA:10,1
DA:11,1
DA:12,1
DA:13,1
DA:14,1
DA:15,1
DA:16,1
DA:17,3
DA:18,0
DA:19,0
DA:20,1
DA:21,1
DA:22,1
DA:23,1
DA:24,1
DA:25,1
DA:26,0
DA:27,0
DA:28,1
DA:29,1
DA:30,1
DA:31,1
DA:32,1
DA:33,1
DA:34,1
DA:35,1
DA:36,1
DA:37,1
DA:38,1
DA:39,1
DA:40,1
DA:41,1
DA:42,1
DA:43,1
DA:44,1
DA:45,1
DA:46,1
DA:47,1
DA:48,1
DA:49,1
DA:50,1
DA:51,1
DA:52,1
DA:53,1
DA:54,1
DA:55,0
DA:56,0
DA:57,1
DA:58,1
DA:59,1
DA:60,1
DA:61,1
DA:62,1
DA:63,1
DA:64,1
DA:65,1
DA:66,1
DA:67,1
DA:68,1
DA:69,1
DA:70,1
DA:71,1
DA:72,1
DA:73,1
DA:74,1
DA:75,1
DA:76,1
DA:77,1
DA:78,1
DA:79,3
DA:80,3
DA:81,3
DA:82,3
DA:83,6
DA:84,6
DA:85,6
DA:86,4
DA:87,3
DA:88,3
DA:89,3
DA:90,3
DA:91,3
DA:92,3
DA:93,3
DA:94,3
DA:95,4
DA:96,1
DA:97,1
DA:98,1
DA:99,1
DA:100,1
DA:101,1
DA:102,1
DA:103,1
DA:104,1
DA:105,4
DA:106,6
DA:107,6
DA:108,3
DA:109,3
DA:110,1
DA:111,1
DA:112,1
DA:113,1
DA:114,1
DA:115,3
DA:116,3
DA:117,3
DA:118,3
DA:119,1
DA:120,1
DA:121,1
DA:122,1
DA:123,1
DA:124,1
DA:125,1
DA:126,0
DA:127,0
DA:128,0
DA:129,0
DA:130,0
DA:131,0
DA:132,0
DA:133,0
DA:134,0
DA:135,0
DA:136,0
DA:137,0
DA:138,1
DA:139,1
DA:140,1
DA:141,4
DA:142,4
DA:143,4
DA:144,4
DA:145,4
DA:146,4
DA:147,4
DA:148,4
DA:149,4
DA:150,1
DA:151,1
DA:152,1
DA:153,1
DA:154,1
DA:155,1
DA:156,1
DA:157,1
DA:158,1
DA:159,1
DA:160,1
DA:161,1
DA:162,1
DA:163,1
DA:164,1
DA:165,1
DA:166,1
DA:167,1
DA:168,1
DA:169,3
DA:170,3
DA:171,3
DA:172,3
DA:173,3
DA:174,3
DA:175,3
DA:176,3
DA:177,3
DA:178,3
DA:179,3
DA:180,3
DA:181,3
DA:182,3
LF:182
LH:164
BRDA:16,0,0,3
BRDA:21,1,0,1
BRDA:24,2,0,1
BRDA:29,3,0,1
BRDA:40,4,0,1
BRDA:44,5,0,1
BRDA:50,6,0,1
BRDA:60,7,0,3
BRDA:61,8,0,3
BRDA:78,9,0,3
BRDA:82,10,0,6
BRDA:85,11,0,4
BRDA:86,12,0,3
BRDA:95,13,0,1
BRDA:111,14,0,1
BRDA:114,15,0,3
BRDA:139,16,0,1
BRDA:140,17,0,4
BRDA:143,18,0,4
BRDA:152,19,0,1
BRDA:159,20,0,1
BRDA:162,21,0,1
BRDA:164,22,0,1
BRDA:168,23,0,3
BRDA:175,24,0,1
BRDA:176,25,0,1
BRDA:179,26,0,1
BRDA:180,27,0,1
BRDA:181,28,0,1
BRF:29
BRH:29
end_of_record
TN:
SF:src/urlConverter.js
FN:3,pageNameBuilder
FN:12,fileNameBuilder
FN:22,getUrlHost
FN:25,pageName
FN:26,fileName
FN:27,folderName
FN:28,getHost
FNF:7
FNH:5
FNDA:7,pageNameBuilder
FNDA:3,fileNameBuilder
FNDA:0,getUrlHost
FNDA:4,pageName
FNDA:3,fileName
FNDA:3,folderName
FNDA:0,getHost
DA:1,1
DA:2,1
DA:3,1
DA:4,7
DA:5,7
DA:6,7
DA:7,7
DA:8,7
DA:9,7
DA:10,7
DA:11,1
DA:12,1
DA:13,3
DA:14,3
DA:15,3
DA:16,3
DA:17,3
DA:18,3
DA:19,3
DA:20,3
DA:21,1
DA:22,1
DA:23,1
DA:24,1
DA:25,1
DA:26,1
DA:27,1
DA:28,1
DA:29,1
DA:30,1
DA:31,1
LF:31
LH:31
BRDA:3,0,0,7
BRDA:12,1,0,3
BRDA:25,2,0,4
BRDA:26,3,0,3
BRDA:27,4,0,3
BRF:5
BRH:5
end_of_record
TN:
SF:src/utils.js
FN:4,saveData
FN:14,fileIsExists
FN:28,seeFiles
FNF:3
FNH:2
FNDA:3,saveData
FNDA:5,fileIsExists
FNDA:0,seeFiles
DA:1,1
DA:2,1
DA:3,1
DA:4,1
DA:5,1
DA:6,1
DA:7,1
DA:8,1
DA:9,0
DA:10,0
DA:11,1
DA:12,1
DA:13,1
DA:14,1
DA:15,5
DA:16,5
DA:17,5
DA:18,5
DA:19,5
DA:20,0
DA:21,0
DA:22,0
DA:23,0
DA:24,0
DA:25,0
DA:26,5
DA:27,1
DA:28,1
DA:29,0
DA:30,1
DA:31,1
DA:32,1
DA:33,1
DA:34,1
LF:34
LH:25
BRDA:4,0,0,3
BRDA:14,1,0,5
BRDA:15,2,0,5
BRDA:16,3,0,5
BRDA:20,4,0,0
BRF:5
BRH:4
end_of_record
