TN:
SF:src/index5.js
FN:16,(anonymous_0)
FN:17,(anonymous_1)
FN:21,(anonymous_2)
FN:24,(anonymous_3)
FN:25,(anonymous_4)
FN:29,(anonymous_5)
FN:40,(anonymous_6)
FN:44,(anonymous_7)
FN:50,(anonymous_8)
FN:54,(anonymous_9)
FN:60,(anonymous_10)
FN:61,(anonymous_11)
FN:78,(anonymous_12)
FN:82,(anonymous_13)
FN:111,(anonymous_14)
FN:114,(anonymous_15)
FN:125,(anonymous_16)
FN:129,(anonymous_17)
FN:130,(anonymous_18)
FN:133,(anonymous_19)
FN:135,(anonymous_20)
FN:139,(anonymous_21)
FN:140,(anonymous_22)
FN:143,(anonymous_23)
FN:145,(anonymous_24)
FN:152,(anonymous_25)
FN:155,(anonymous_26)
FN:159,(anonymous_27)
FN:162,(anonymous_28)
FN:164,(anonymous_29)
FN:168,(anonymous_30)
FN:175,(anonymous_31)
FN:176,(anonymous_32)
FN:179,(anonymous_33)
FN:180,(anonymous_34)
FN:181,(anonymous_35)
FNF:36
FNH:26
FNDA:3,(anonymous_0)
FNDA:0,(anonymous_1)
FNDA:1,(anonymous_2)
FNDA:1,(anonymous_3)
FNDA:0,(anonymous_4)
FNDA:1,(anonymous_5)
FNDA:1,(anonymous_6)
FNDA:1,(anonymous_7)
FNDA:1,(anonymous_8)
FNDA:0,(anonymous_9)
FNDA:3,(anonymous_10)
FNDA:3,(anonymous_11)
FNDA:3,(anonymous_12)
FNDA:6,(anonymous_13)
FNDA:1,(anonymous_14)
FNDA:3,(anonymous_15)
FNDA:0,(anonymous_16)
FNDA:0,(anonymous_17)
FNDA:0,(anonymous_18)
FNDA:0,(anonymous_19)
FNDA:0,(anonymous_20)
FNDA:1,(anonymous_21)
FNDA:4,(anonymous_22)
FNDA:4,(anonymous_23)
FNDA:0,(anonymous_24)
FNDA:1,(anonymous_25)
FNDA:0,(anonymous_26)
FNDA:1,(anonymous_27)
FNDA:1,(anonymous_28)
FNDA:1,(anonymous_29)
FNDA:3,(anonymous_30)
FNDA:1,(anonymous_31)
FNDA:1,(anonymous_32)
FNDA:1,(anonymous_33)
FNDA:1,(anonymous_34)
FNDA:1,(anonymous_35)
DA:10,2
DA:11,2
DA:16,2
DA:17,3
DA:18,0
DA:21,2
DA:22,1
DA:24,1
DA:26,0
DA:29,2
DA:38,1
DA:41,1
DA:44,2
DA:45,1
DA:51,1
DA:55,0
DA:60,2
DA:61,3
DA:63,2
DA:78,2
DA:79,3
DA:81,3
DA:82,3
DA:83,6
DA:84,6
DA:85,6
DA:86,4
DA:87,3
DA:88,3
DA:89,3
DA:90,3
DA:96,1
DA:97,1
DA:98,1
DA:99,1
DA:108,3
DA:111,2
DA:112,1
DA:114,1
DA:115,3
DA:116,3
DA:117,3
DA:118,3
DA:121,1
DA:125,2
DA:126,0
DA:127,0
DA:130,0
DA:131,0
DA:133,0
DA:135,0
DA:139,2
DA:140,1
DA:141,4
DA:144,4
DA:145,0
DA:149,4
DA:152,2
DA:153,1
DA:155,1
DA:159,2
DA:160,1
DA:162,1
DA:163,1
DA:164,1
DA:169,3
DA:170,3
DA:171,3
DA:172,3
DA:174,3
DA:175,1
DA:177,1
DA:179,1
DA:180,1
DA:181,1
LF:75
LH:65
BRDA:83,0,0,6
BRDA:83,0,1,0
BRDA:85,1,0,4
BRDA:85,1,1,2
BRDA:86,2,0,3
BRDA:86,2,1,1
BRDA:168,3,0,0
BRF:7
BRH:5
end_of_record
TN:
SF:src/urlConverter.js
FN:3,(anonymous_0)
FN:12,(anonymous_1)
FN:22,(anonymous_2)
FN:25,(anonymous_3)
FN:26,(anonymous_4)
FN:27,(anonymous_5)
FN:28,(anonymous_6)
FNF:7
FNH:5
FNDA:7,(anonymous_0)
FNDA:3,(anonymous_1)
FNDA:0,(anonymous_2)
FNDA:4,(anonymous_3)
FNDA:3,(anonymous_4)
FNDA:3,(anonymous_5)
FNDA:0,(anonymous_6)
DA:3,2
DA:4,7
DA:5,7
DA:9,7
DA:12,2
DA:13,3
DA:14,3
DA:18,3
DA:19,3
DA:22,2
DA:24,2
DA:25,4
DA:26,3
DA:27,3
DA:28,0
LF:15
LH:14
BRF:0
BRH:0
end_of_record
TN:
SF:src/utils.js
FN:4,(anonymous_0)
FN:8,(anonymous_1)
FN:14,(anonymous_2)
FN:15,(anonymous_3)
FN:16,(anonymous_4)
FN:28,(anonymous_5)
FN:32,(anonymous_6)
FNF:7
FNH:4
FNDA:3,(anonymous_0)
FNDA:0,(anonymous_1)
FNDA:5,(anonymous_2)
FNDA:5,(anonymous_3)
FNDA:5,(anonymous_4)
FNDA:0,(anonymous_5)
FNDA:0,(anonymous_6)
DA:4,2
DA:5,3
DA:9,0
DA:14,2
DA:15,5
DA:16,5
DA:17,5
DA:18,5
DA:20,0
DA:21,0
DA:22,0
DA:24,0
DA:28,2
DA:29,0
DA:32,0
LF:15
LH:8
BRDA:17,0,0,5
BRDA:17,0,1,0
BRDA:20,1,0,0
BRDA:20,1,1,0
BRF:4
BRH:1
end_of_record
